2025-02-07 10:23:14,737 [INFO] 开始运行每日文章生成任务
2025-02-07 10:23:14,737 [INFO] 配置加载成功
2025-02-07 10:23:14,738 [INFO] 开始获取 机器之心 的 RSS 内容
2025-02-07 10:23:14,738 [INFO] 开始获取 量子位 的 RSS 内容
2025-02-07 10:23:14,953 [INFO] 成功从 量子位 获取 10 条文章
2025-02-07 10:23:15,227 [INFO] 成功从 机器之心 获取 10 条文章
2025-02-07 10:23:15,227 [INFO] 总共获取 20 条文章，去重后剩余 18 条
2025-02-07 10:23:15,228 [INFO] 开始使用 AI 处理文章内容
2025-02-07 10:23:15,228 [INFO] 正在调用 AI 接口...
2025-02-07 10:23:24,539 [INFO] AI 内容生成成功
2025-02-07 10:23:24,540 [INFO] 开始发布文章到博客
2025-02-07 10:23:24,597 [ERROR] 文章发布失败: <Fault -32601: 'server error. requested method wp.newPost does not exist.'>
2025-02-07 10:23:24,598 [ERROR] 文章发布失败
2025-02-07 10:24:47,200 [INFO] 开始运行每日文章生成任务
2025-02-07 10:24:47,201 [INFO] 配置加载成功
2025-02-07 10:24:47,201 [INFO] 开始获取 机器之心 的 RSS 内容
2025-02-07 10:24:47,202 [INFO] 开始获取 量子位 的 RSS 内容
2025-02-07 10:24:47,355 [INFO] 成功从 量子位 获取 10 条文章
2025-02-07 10:24:47,561 [INFO] 成功从 机器之心 获取 10 条文章
2025-02-07 10:24:47,561 [INFO] 总共获取 20 条文章，去重后剩余 18 条
2025-02-07 10:24:47,561 [INFO] 开始使用 AI 处理文章内容
2025-02-07 10:24:47,561 [INFO] 正在调用 AI 接口...
2025-02-07 10:24:57,024 [INFO] AI 内容生成成功
2025-02-07 10:24:57,025 [INFO] 开始发布文章到博客
2025-02-07 10:24:57,231 [ERROR] 文章发布失败: junk after document element: line 2, column 0
2025-02-07 10:24:57,232 [ERROR] 文章发布失败
2025-02-07 10:35:11,440 [INFO] 开始运行每日文章生成任务
2025-02-07 10:35:11,441 [INFO] 配置加载成功
2025-02-07 10:35:11,441 [INFO] 开始获取 机器之心 的 RSS 内容
2025-02-07 10:35:11,441 [INFO] 开始获取 量子位 的 RSS 内容
2025-02-07 10:35:11,544 [INFO] 成功从 量子位 获取 10 条文章
2025-02-07 10:35:11,967 [INFO] 成功从 机器之心 获取 10 条文章
2025-02-07 10:35:11,967 [INFO] 总共获取 20 条文章，去重后剩余 18 条
2025-02-07 10:35:11,967 [INFO] 开始使用 AI 处理文章内容
2025-02-07 10:35:11,967 [ERROR] AI 处理失败: name 'datetime' is not defined
2025-02-07 10:35:11,967 [ERROR] 任务执行过程中发生错误: name 'datetime' is not defined
2025-02-07 10:35:48,335 [INFO] 开始运行每日文章生成任务
2025-02-07 10:35:48,336 [INFO] 配置加载成功
2025-02-07 10:35:48,336 [INFO] 开始获取 机器之心 的 RSS 内容
2025-02-07 10:35:48,336 [INFO] 开始获取 量子位 的 RSS 内容
2025-02-07 10:35:48,412 [INFO] 成功从 量子位 获取 10 条文章
2025-02-07 10:35:48,698 [INFO] 成功从 机器之心 获取 10 条文章
2025-02-07 10:35:48,698 [INFO] 总共获取 20 条文章，去重后剩余 18 条
2025-02-07 10:35:48,699 [INFO] 开始使用 AI 处理文章内容
2025-02-07 10:35:48,699 [INFO] 正在调用 AI 接口...
2025-02-07 10:36:01,889 [INFO] 开始发布文章到博客
2025-02-07 10:36:02,118 [ERROR] 文章发布失败: junk after document element: line 2, column 0
2025-02-07 10:36:02,118 [ERROR] 文章发布失败
2025-02-07 10:42:57,204 [INFO] 开始运行每日文章生成任务
2025-02-07 10:42:57,205 [INFO] 配置加载成功
2025-02-07 10:42:57,205 [INFO] 开始获取 机器之心 的 RSS 内容
2025-02-07 10:42:57,205 [INFO] 开始获取 量子位 的 RSS 内容
2025-02-07 10:42:57,410 [INFO] 成功从 量子位 获取 10 条文章
2025-02-07 10:42:57,597 [INFO] 成功从 机器之心 获取 10 条文章
2025-02-07 10:42:57,597 [INFO] 总共获取 20 条文章，去重后剩余 18 条
2025-02-07 10:42:57,598 [INFO] 开始使用 AI 处理文章内容
2025-02-07 10:42:57,598 [INFO] 正在调用 AI 接口...
2025-02-07 10:43:11,708 [INFO] 开始发布文章到博客
2025-02-07 10:43:11,843 [ERROR] 文章发布失败: junk after document element: line 2, column 0
2025-02-07 10:43:11,844 [ERROR] 文章发布失败
2025-02-07 11:28:52,017 [INFO] 开始运行每日文章生成任务
2025-02-07 11:28:52,019 [INFO] 配置加载成功
2025-02-07 11:28:52,019 [INFO] 开始获取 机器之心 的 RSS 内容
2025-02-07 11:28:52,019 [INFO] 开始获取 量子位 的 RSS 内容
2025-02-07 11:28:52,019 [INFO] 开始获取 雷锋网 的 RSS 内容
2025-02-07 11:28:52,019 [INFO] 开始获取 VentureBeat 的 RSS 内容
2025-02-07 11:28:52,019 [INFO] 开始获取 AI Weekly 的 RSS 内容
2025-02-07 11:28:52,168 [INFO] 从 量子位 获取到 3 篇24小时内的文章
2025-02-07 11:28:52,428 [INFO] 从 雷锋网 获取到 0 篇24小时内的文章
2025-02-07 11:28:52,594 [INFO] 从 机器之心 获取到 3 篇24小时内的文章
2025-02-07 11:28:52,981 [INFO] 从 AI Weekly 获取到 0 篇24小时内的文章
2025-02-07 11:29:03,866 [INFO] 从 VentureBeat 获取到 0 篇24小时内的文章
2025-02-07 11:29:03,867 [INFO] 总共获取 6 篇文章，去重后 6 篇，最终选择 6 篇重要文章
2025-02-07 11:29:03,868 [INFO] 开始使用 AI 处理文章内容
2025-02-07 11:29:03,868 [INFO] 正在调用 AI 接口...
2025-02-07 11:29:13,911 [INFO] 开始发布文章到博客
2025-02-07 11:29:14,109 [ERROR] 文章发布失败: junk after document element: line 2, column 0
2025-02-07 11:29:14,109 [ERROR] 文章发布失败
