2025-02-06 23:05:17,714 [INFO] 开始运行每日文章生成任务
2025-02-06 23:05:17,715 [INFO] 配置加载成功
2025-02-06 23:05:17,715 [ERROR] 任务执行过程中发生错误: ContentProcessor() takes no arguments
2025-02-06 23:06:06,889 [INFO] 开始运行每日文章生成任务
2025-02-06 23:06:06,891 [INFO] 配置加载成功
2025-02-06 23:06:06,891 [ERROR] 任务执行过程中发生错误: BlogPublisher() takes no arguments
2025-02-06 23:06:39,755 [INFO] 开始运行每日文章生成任务
2025-02-06 23:06:39,756 [INFO] 配置加载成功
2025-02-06 23:06:39,756 [INFO] 开始获取 机器之心 的 RSS 内容
2025-02-06 23:06:39,756 [INFO] 开始获取 量子位 的 RSS 内容
2025-02-06 23:06:40,103 [INFO] 成功从 量子位 获取 10 条文章
2025-02-06 23:06:40,612 [INFO] 成功从 机器之心 获取 10 条文章
2025-02-06 23:06:40,612 [INFO] 总共获取 20 条文章，去重后剩余 18 条
2025-02-06 23:06:40,612 [INFO] 开始使用 AI 处理文章内容
2025-02-06 23:06:40,612 [INFO] 正在调用 AI 接口...
2025-02-06 23:06:51,186 [INFO] AI 内容生成成功
2025-02-06 23:06:51,188 [INFO] 开始发布文章到博客
2025-02-06 23:06:51,293 [ERROR] 文章发布失败: <ProtocolError for xiaokang.ren/action/xmlrpc: 404 Not Found>
2025-02-06 23:06:51,293 [ERROR] 文章发布失败
2025-02-06 23:15:46,608 [INFO] 开始运行每日文章生成任务
2025-02-06 23:15:46,609 [INFO] 配置加载成功
2025-02-06 23:15:46,609 [INFO] 开始获取 机器之心 的 RSS 内容
2025-02-06 23:15:46,609 [INFO] 开始获取 量子位 的 RSS 内容
2025-02-06 23:15:46,730 [INFO] 成功从 量子位 获取 10 条文章
2025-02-06 23:15:47,642 [INFO] 成功从 机器之心 获取 10 条文章
2025-02-06 23:15:47,642 [INFO] 总共获取 20 条文章，去重后剩余 18 条
2025-02-06 23:15:47,642 [INFO] 开始使用 AI 处理文章内容
2025-02-06 23:15:47,642 [INFO] 正在调用 AI 接口...
2025-02-06 23:15:58,066 [INFO] AI 内容生成成功
2025-02-06 23:15:58,069 [INFO] 开始发布文章到博客
2025-02-06 23:15:58,150 [ERROR] 文章发布失败: <ProtocolError for xiaokang.ren/index.php/action/xmlrpc: 500 Internal Server Error>
2025-02-06 23:15:58,150 [ERROR] 文章发布失败
2025-02-06 23:17:57,129 [INFO] 开始运行每日文章生成任务
2025-02-06 23:17:57,130 [INFO] 配置加载成功
2025-02-06 23:17:57,130 [INFO] 开始获取 机器之心 的 RSS 内容
2025-02-06 23:17:57,130 [INFO] 开始获取 量子位 的 RSS 内容
2025-02-06 23:17:57,216 [INFO] 成功从 量子位 获取 10 条文章
2025-02-06 23:17:57,472 [INFO] 成功从 机器之心 获取 10 条文章
2025-02-06 23:17:57,473 [INFO] 总共获取 20 条文章，去重后剩余 18 条
2025-02-06 23:17:57,473 [INFO] 开始使用 AI 处理文章内容
2025-02-06 23:17:57,473 [INFO] 正在调用 AI 接口...
2025-02-06 23:18:06,985 [INFO] AI 内容生成成功
2025-02-06 23:18:06,986 [INFO] 开始发布文章到博客
2025-02-06 23:18:07,179 [ERROR] 文章发布失败: ResponseError()
2025-02-06 23:18:07,180 [ERROR] 文章发布失败
2025-02-06 23:19:08,464 [INFO] 开始运行每日文章生成任务
2025-02-06 23:19:08,465 [INFO] 配置加载成功
2025-02-06 23:19:08,465 [INFO] 开始获取 机器之心 的 RSS 内容
2025-02-06 23:19:08,465 [INFO] 开始获取 量子位 的 RSS 内容
2025-02-06 23:19:08,557 [INFO] 成功从 量子位 获取 10 条文章
2025-02-06 23:19:08,790 [INFO] 成功从 机器之心 获取 10 条文章
2025-02-06 23:19:08,790 [INFO] 总共获取 20 条文章，去重后剩余 18 条
2025-02-06 23:19:08,790 [INFO] 开始使用 AI 处理文章内容
2025-02-06 23:19:08,791 [INFO] 正在调用 AI 接口...
2025-02-06 23:19:18,186 [INFO] AI 内容生成成功
2025-02-06 23:19:18,188 [INFO] 开始发布文章到博客
2025-02-06 23:19:18,530 [ERROR] 文章发布失败: ResponseError()
2025-02-06 23:19:18,533 [ERROR] 文章发布失败
