2025-02-08 11:39:00,071 [INFO] 开始运行每日文章生成任务
2025-02-08 11:39:00,072 [INFO] 配置加载成功
2025-02-08 11:39:00,072 [INFO] 开始获取 机器之心 的 RSS 内容
2025-02-08 11:39:00,072 [INFO] 开始获取 量子位 的 RSS 内容
2025-02-08 11:39:00,072 [INFO] 开始获取 雷锋网 的 RSS 内容
2025-02-08 11:39:00,072 [INFO] 开始获取 VentureBeat 的 RSS 内容
2025-02-08 11:39:00,072 [INFO] 开始获取 AI Weekly 的 RSS 内容
2025-02-08 11:39:00,148 [INFO] 从 量子位 获取到 0 篇24小时内的文章
2025-02-08 11:39:00,392 [WARNING] 处理文章时出错: name 're' is not defined
2025-02-08 11:39:00,392 [WARNING] 处理文章时出错: name 're' is not defined
2025-02-08 11:39:00,392 [WARNING] 处理文章时出错: name 're' is not defined
2025-02-08 11:39:00,392 [WARNING] 处理文章时出错: name 're' is not defined
2025-02-08 11:39:00,392 [INFO] 从 机器之心 获取到 0 篇24小时内的文章
2025-02-08 11:39:00,449 [INFO] 从 雷锋网 获取到 0 篇24小时内的文章
2025-02-08 11:39:01,064 [INFO] 从 AI Weekly 获取到 0 篇24小时内的文章
2025-02-08 11:39:02,071 [INFO] 从 VentureBeat 获取到 0 篇24小时内的文章
2025-02-08 11:39:02,072 [INFO] 总共获取 0 篇文章，去重后 0 篇，最终选择 0 篇重要文章
2025-02-08 11:39:02,073 [ERROR] 没有获取到任何文章，任务终止
2025-02-08 11:39:38,228 [INFO] 开始运行每日文章生成任务
2025-02-08 11:39:38,230 [INFO] 配置加载成功
2025-02-08 11:39:38,230 [INFO] 开始获取 机器之心 的 RSS 内容
2025-02-08 11:39:38,230 [INFO] 开始获取 量子位 的 RSS 内容
2025-02-08 11:39:38,230 [INFO] 开始获取 雷锋网 的 RSS 内容
2025-02-08 11:39:38,230 [INFO] 开始获取 VentureBeat 的 RSS 内容
2025-02-08 11:39:38,230 [INFO] 开始获取 AI Weekly 的 RSS 内容
2025-02-08 11:39:38,296 [INFO] 从 量子位 获取到 0 篇24小时内的文章
2025-02-08 11:39:38,563 [WARNING] 处理文章时出错: name 're' is not defined
2025-02-08 11:39:38,563 [WARNING] 处理文章时出错: name 're' is not defined
2025-02-08 11:39:38,563 [WARNING] 处理文章时出错: name 're' is not defined
2025-02-08 11:39:38,563 [WARNING] 处理文章时出错: name 're' is not defined
2025-02-08 11:39:38,563 [INFO] 从 机器之心 获取到 0 篇24小时内的文章
2025-02-08 11:39:38,598 [INFO] 从 雷锋网 获取到 0 篇24小时内的文章
2025-02-08 11:39:38,830 [INFO] 从 AI Weekly 获取到 0 篇24小时内的文章
2025-02-08 11:39:39,887 [INFO] 从 VentureBeat 获取到 0 篇24小时内的文章
2025-02-08 11:39:39,888 [INFO] 总共获取 0 篇文章，去重后 0 篇，最终选择 0 篇重要文章
2025-02-08 11:39:39,888 [ERROR] 没有获取到任何文章，任务终止
2025-02-08 11:40:23,443 [INFO] 开始运行每日文章生成任务
2025-02-08 11:40:23,444 [INFO] 配置加载成功
2025-02-08 11:40:23,444 [INFO] 开始获取 机器之心 的 RSS 内容
2025-02-08 11:40:23,445 [INFO] 开始获取 量子位 的 RSS 内容
2025-02-08 11:40:23,445 [INFO] 开始获取 雷锋网 的 RSS 内容
2025-02-08 11:40:23,445 [INFO] 开始获取 VentureBeat 的 RSS 内容
2025-02-08 11:40:23,445 [INFO] 开始获取 AI Weekly 的 RSS 内容
2025-02-08 11:40:23,617 [INFO] 从 量子位 获取到 0 篇24小时内的文章
2025-02-08 11:40:23,754 [INFO] 从 机器之心 获取到 4 篇24小时内的文章
2025-02-08 11:40:23,825 [INFO] 从 雷锋网 获取到 0 篇24小时内的文章
2025-02-08 11:40:24,201 [INFO] 从 AI Weekly 获取到 0 篇24小时内的文章
2025-02-08 11:40:24,392 [INFO] 从 VentureBeat 获取到 0 篇24小时内的文章
2025-02-08 11:40:24,392 [INFO] 总共获取 4 篇文章，去重后 4 篇，最终选择 4 篇重要文章
2025-02-08 11:40:24,392 [INFO] 开始使用 AI 处理文章内容
2025-02-08 11:40:24,392 [INFO] 正在调用 AI 接口...
2025-02-08 11:40:39,452 [INFO] 开始发布文章到博客
2025-02-08 11:40:39,738 [ERROR] 文章发布失败: junk after document element: line 2, column 0
2025-02-08 11:40:39,738 [ERROR] 文章发布失败
2025-02-08 11:44:56,295 [INFO] 开始运行每日文章生成任务
2025-02-08 11:44:56,296 [INFO] 配置加载成功
2025-02-08 11:44:56,296 [INFO] 开始获取 机器之心 的 RSS 内容
2025-02-08 11:44:56,297 [INFO] 开始获取 量子位 的 RSS 内容
2025-02-08 11:44:56,297 [INFO] 开始获取 雷锋网 的 RSS 内容
2025-02-08 11:44:56,297 [INFO] 开始获取 VentureBeat 的 RSS 内容
2025-02-08 11:44:56,297 [INFO] 开始获取 AI Weekly 的 RSS 内容
2025-02-08 11:44:56,435 [INFO] 从 量子位 获取到 0 篇24小时内的文章
2025-02-08 11:44:56,610 [INFO] 从 雷锋网 获取到 0 篇24小时内的文章
2025-02-08 11:44:56,643 [INFO] 从 机器之心 获取到 4 篇24小时内的文章
2025-02-08 11:44:57,055 [INFO] 从 AI Weekly 获取到 0 篇24小时内的文章
2025-02-08 11:44:57,277 [INFO] 从 VentureBeat 获取到 0 篇24小时内的文章
2025-02-08 11:44:57,277 [INFO] 总共获取 4 篇文章，去重后 4 篇，最终选择 4 篇重要文章
2025-02-08 11:44:57,277 [INFO] 开始使用 AI 处理文章内容
2025-02-08 11:44:57,277 [INFO] 正在调用 AI 接口...
2025-02-08 11:45:11,110 [INFO] 开始发布文章到博客
2025-02-08 11:45:11,254 [ERROR] 文章发布失败: junk after document element: line 2, column 0
2025-02-08 11:45:11,254 [ERROR] 文章发布失败
2025-02-08 11:47:10,018 [INFO] 开始运行每日文章生成任务
2025-02-08 11:47:10,019 [INFO] 配置加载成功
2025-02-08 11:47:10,020 [INFO] 开始获取 机器之心 的 RSS 内容
2025-02-08 11:47:10,020 [INFO] 开始获取 量子位 的 RSS 内容
2025-02-08 11:47:10,020 [INFO] 开始获取 雷锋网 的 RSS 内容
2025-02-08 11:47:10,020 [INFO] 开始获取 VentureBeat 的 RSS 内容
2025-02-08 11:47:10,020 [INFO] 开始获取 AI Weekly 的 RSS 内容
2025-02-08 11:47:10,168 [INFO] 从 量子位 获取到 0 篇24小时内的文章
2025-02-08 11:47:10,442 [INFO] 从 雷锋网 获取到 0 篇24小时内的文章
2025-02-08 11:47:10,765 [INFO] 从 机器之心 获取到 4 篇24小时内的文章
2025-02-08 11:47:10,956 [INFO] 从 VentureBeat 获取到 0 篇24小时内的文章
2025-02-08 11:47:11,203 [INFO] 从 AI Weekly 获取到 0 篇24小时内的文章
2025-02-08 11:47:11,204 [INFO] 总共获取 4 篇文章，去重后 4 篇，最终选择 4 篇重要文章
2025-02-08 11:47:11,205 [INFO] 开始使用 AI 处理文章内容
2025-02-08 11:47:11,205 [INFO] 正在调用 AI 接口...
2025-02-08 11:47:28,592 [INFO] 开始发布文章到博客
2025-02-08 11:47:28,837 [ERROR] 文章发布失败: junk after document element: line 2, column 0
2025-02-08 11:47:28,837 [ERROR] 文章发布失败
